Analysis & Synthesis report for round2
Thu Dec 07 11:24:35 2017
Quartus Prime Version 16.1.0 Build 196 10/24/2016 SJ Standard Edition


---------------------
; Table of Contents ;
---------------------
  1. Legal Notice
  2. Analysis & Synthesis Summary
  3. Analysis & Synthesis Settings
  4. Parallel Compilation
  5. Analysis & Synthesis Source Files Read
  6. Analysis & Synthesis Resource Usage Summary
  7. Analysis & Synthesis Resource Utilization by Entity
  8. Registers Removed During Synthesis
  9. General Register Statistics
 10. Multiplexer Restructuring Statistics (Restructuring Performed)
 11. Post-Synthesis Netlist Statistics for Top Partition
 12. Elapsed Time Per Partition
 13. Analysis & Synthesis Messages
 14. Analysis & Synthesis Suppressed Messages



----------------
; Legal Notice ;
----------------
Copyright (C) 2016  Intel Corporation. All rights reserved.
Your use of Intel Corporation's design tools, logic functions 
and other software and tools, and its AMPP partner logic 
functions, and any output files from any of the foregoing 
(including device programming or simulation files), and any 
associated documentation or information are expressly subject 
to the terms and conditions of the Intel Program License 
Subscription Agreement, the Intel Quartus Prime License Agreement,
the Intel MegaCore Function License Agreement, or other 
applicable license agreement, including, without limitation, 
that your use is for the sole purpose of programming logic 
devices manufactured by Intel and sold by Intel or its 
authorized distributors.  Please refer to the applicable 
agreement for further details.



+--------------------------------------------------------------------------------------+
; Analysis & Synthesis Summary                                                         ;
+------------------------------------+-------------------------------------------------+
; Analysis & Synthesis Status        ; Successful - Thu Dec 07 11:24:35 2017           ;
; Quartus Prime Version              ; 16.1.0 Build 196 10/24/2016 SJ Standard Edition ;
; Revision Name                      ; round2                                          ;
; Top-level Entity Name              ; round2                                          ;
; Family                             ; Cyclone IV E                                    ;
; Total logic elements               ; 648                                             ;
;     Total combinational functions  ; 647                                             ;
;     Dedicated logic registers      ; 154                                             ;
; Total registers                    ; 154                                             ;
; Total pins                         ; 81                                              ;
; Total virtual pins                 ; 0                                               ;
; Total memory bits                  ; 0                                               ;
; Embedded Multiplier 9-bit elements ; 0                                               ;
; Total PLLs                         ; 0                                               ;
+------------------------------------+-------------------------------------------------+


+----------------------------------------------------------------------------------------------------------------------+
; Analysis & Synthesis Settings                                                                                        ;
+----------------------------------------------------------------------------+--------------------+--------------------+
; Option                                                                     ; Setting            ; Default Value      ;
+----------------------------------------------------------------------------+--------------------+--------------------+
; Device                                                                     ; EP4CE115F29C7      ;                    ;
; Top-level entity name                                                      ; round2             ; round2             ;
; Family name                                                                ; Cyclone IV E       ; Cyclone V          ;
; Use smart compilation                                                      ; Off                ; Off                ;
; Enable parallel Assembler and TimeQuest Timing Analyzer during compilation ; On                 ; On                 ;
; Enable compact report table                                                ; Off                ; Off                ;
; Restructure Multiplexers                                                   ; Auto               ; Auto               ;
; Create Debugging Nodes for IP Cores                                        ; Off                ; Off                ;
; Preserve fewer node names                                                  ; On                 ; On                 ;
; OpenCore Plus hardware evaluation                                          ; Enable             ; Enable             ;
; Verilog Version                                                            ; Verilog_2001       ; Verilog_2001       ;
; VHDL Version                                                               ; VHDL_1993          ; VHDL_1993          ;
; State Machine Processing                                                   ; Auto               ; Auto               ;
; Safe State Machine                                                         ; Off                ; Off                ;
; Extract Verilog State Machines                                             ; On                 ; On                 ;
; Extract VHDL State Machines                                                ; On                 ; On                 ;
; Ignore Verilog initial constructs                                          ; Off                ; Off                ;
; Iteration limit for constant Verilog loops                                 ; 5000               ; 5000               ;
; Iteration limit for non-constant Verilog loops                             ; 250                ; 250                ;
; Add Pass-Through Logic to Inferred RAMs                                    ; On                 ; On                 ;
; Infer RAMs from Raw Logic                                                  ; On                 ; On                 ;
; Parallel Synthesis                                                         ; On                 ; On                 ;
; DSP Block Balancing                                                        ; Auto               ; Auto               ;
; NOT Gate Push-Back                                                         ; On                 ; On                 ;
; Power-Up Don't Care                                                        ; On                 ; On                 ;
; Remove Redundant Logic Cells                                               ; Off                ; Off                ;
; Remove Duplicate Registers                                                 ; On                 ; On                 ;
; Ignore CARRY Buffers                                                       ; Off                ; Off                ;
; Ignore CASCADE Buffers                                                     ; Off                ; Off                ;
; Ignore GLOBAL Buffers                                                      ; Off                ; Off                ;
; Ignore ROW GLOBAL Buffers                                                  ; Off                ; Off                ;
; Ignore LCELL Buffers                                                       ; Off                ; Off                ;
; Ignore SOFT Buffers                                                        ; On                 ; On                 ;
; Limit AHDL Integers to 32 Bits                                             ; Off                ; Off                ;
; Optimization Technique                                                     ; Balanced           ; Balanced           ;
; Carry Chain Length                                                         ; 70                 ; 70                 ;
; Auto Carry Chains                                                          ; On                 ; On                 ;
; Auto Open-Drain Pins                                                       ; On                 ; On                 ;
; Perform WYSIWYG Primitive Resynthesis                                      ; Off                ; Off                ;
; Auto ROM Replacement                                                       ; On                 ; On                 ;
; Auto RAM Replacement                                                       ; On                 ; On                 ;
; Auto DSP Block Replacement                                                 ; On                 ; On                 ;
; Auto Shift Register Replacement                                            ; Auto               ; Auto               ;
; Allow Shift Register Merging across Hierarchies                            ; Auto               ; Auto               ;
; Auto Clock Enable Replacement                                              ; On                 ; On                 ;
; Strict RAM Replacement                                                     ; Off                ; Off                ;
; Allow Synchronous Control Signals                                          ; On                 ; On                 ;
; Force Use of Synchronous Clear Signals                                     ; Off                ; Off                ;
; Auto RAM Block Balancing                                                   ; On                 ; On                 ;
; Auto RAM to Logic Cell Conversion                                          ; Off                ; Off                ;
; Auto Resource Sharing                                                      ; Off                ; Off                ;
; Allow Any RAM Size For Recognition                                         ; Off                ; Off                ;
; Allow Any ROM Size For Recognition                                         ; Off                ; Off                ;
; Allow Any Shift Register Size For Recognition                              ; Off                ; Off                ;
; Use LogicLock Constraints during Resource Balancing                        ; On                 ; On                 ;
; Ignore translate_off and synthesis_off directives                          ; Off                ; Off                ;
; Timing-Driven Synthesis                                                    ; On                 ; On                 ;
; Report Parameter Settings                                                  ; On                 ; On                 ;
; Report Source Assignments                                                  ; On                 ; On                 ;
; Report Connectivity Checks                                                 ; On                 ; On                 ;
; Ignore Maximum Fan-Out Assignments                                         ; Off                ; Off                ;
; Synchronization Register Chain Length                                      ; 2                  ; 2                  ;
; PowerPlay Power Optimization During Synthesis                              ; Normal compilation ; Normal compilation ;
; HDL message level                                                          ; Level2             ; Level2             ;
; Suppress Register Optimization Related Messages                            ; Off                ; Off                ;
; Number of Removed Registers Reported in Synthesis Report                   ; 5000               ; 5000               ;
; Number of Swept Nodes Reported in Synthesis Report                         ; 5000               ; 5000               ;
; Number of Inverted Registers Reported in Synthesis Report                  ; 100                ; 100                ;
; Clock MUX Protection                                                       ; On                 ; On                 ;
; Auto Gated Clock Conversion                                                ; Off                ; Off                ;
; Block Design Naming                                                        ; Auto               ; Auto               ;
; SDC constraint protection                                                  ; Off                ; Off                ;
; Synthesis Effort                                                           ; Auto               ; Auto               ;
; Shift Register Replacement - Allow Asynchronous Clear Signal               ; On                 ; On                 ;
; Pre-Mapping Resynthesis Optimization                                       ; Off                ; Off                ;
; Analysis & Synthesis Message Level                                         ; Medium             ; Medium             ;
; Disable Register Merging Across Hierarchies                                ; Auto               ; Auto               ;
; Resource Aware Inference For Block RAM                                     ; On                 ; On                 ;
+----------------------------------------------------------------------------+--------------------+--------------------+


+------------------------------------------+
; Parallel Compilation                     ;
+----------------------------+-------------+
; Processors                 ; Number      ;
+----------------------------+-------------+
; Number detected on machine ; 8           ;
; Maximum allowed            ; 4           ;
;                            ;             ;
; Average used               ; 1.00        ;
; Maximum used               ; 4           ;
;                            ;             ;
; Usage by Processor         ; % Time Used ;
;     Processor 1            ; 100.0%      ;
;     Processor 2            ;   0.1%      ;
;     Processors 3-4         ;   0.1%      ;
+----------------------------+-------------+


+---------------------------------------------------------------------------------------------------------------------------------------------------------------------+
; Analysis & Synthesis Source Files Read                                                                                                                              ;
+----------------------------------+-----------------+------------------------------------------+-----------------------------------------------------------+---------+
; File Name with User-Entered Path ; Used in Netlist ; File Type                                ; File Name with Absolute Path                              ; Library ;
+----------------------------------+-----------------+------------------------------------------+-----------------------------------------------------------+---------+
; round2.bdf                       ; yes             ; User Block Diagram/Schematic File        ; U:/CPR_E281/FProj/try3/round2.bdf                         ;         ;
; store.v                          ; yes             ; User Verilog HDL File                    ; U:/CPR_E281/FProj/try3/store.v                            ;         ;
; compare.v                        ; yes             ; User Verilog HDL File                    ; U:/CPR_E281/FProj/try3/compare.v                          ;         ;
; hide.v                           ; yes             ; User Verilog HDL File                    ; U:/CPR_E281/FProj/try3/hide.v                             ;         ;
; xor4.bdf                         ; yes             ; Megafunction                             ; c:/altera/16.1/quartus/libraries/others/maxplus2/xor4.bdf ;         ;
; debounce.bdf                     ; yes             ; Auto-Found Block Diagram/Schematic File  ; U:/CPR_E281/FProj/try3/debounce.bdf                       ;         ;
; clock_divider_1024.bdf           ; yes             ; Auto-Found Block Diagram/Schematic File  ; U:/CPR_E281/FProj/try3/clock_divider_1024.bdf             ;         ;
; counter.bdf                      ; yes             ; Auto-Found Block Diagram/Schematic File  ; U:/CPR_E281/FProj/try3/counter.bdf                        ;         ;
; mod_7seg.v                       ; yes             ; Auto-Found Verilog HDL File              ; U:/CPR_E281/FProj/try3/mod_7seg.v                         ;         ;
+----------------------------------+-----------------+------------------------------------------+-----------------------------------------------------------+---------+


+---------------------------------------------------------+
; Analysis & Synthesis Resource Usage Summary             ;
+---------------------------------------------+-----------+
; Resource                                    ; Usage     ;
+---------------------------------------------+-----------+
; Estimated Total logic elements              ; 648       ;
;                                             ;           ;
; Total combinational functions               ; 647       ;
; Logic element usage by number of LUT inputs ;           ;
;     -- 4 input functions                    ; 206       ;
;     -- 3 input functions                    ; 99        ;
;     -- <=2 input functions                  ; 342       ;
;                                             ;           ;
; Logic elements by mode                      ;           ;
;     -- normal mode                          ; 399       ;
;     -- arithmetic mode                      ; 248       ;
;                                             ;           ;
; Total registers                             ; 154       ;
;     -- Dedicated logic registers            ; 154       ;
;     -- I/O registers                        ; 0         ;
;                                             ;           ;
; I/O pins                                    ; 81        ;
;                                             ;           ;
; Embedded Multiplier 9-bit elements          ; 0         ;
;                                             ;           ;
; Maximum fan-out node                        ; CLK~input ;
; Maximum fan-out                             ; 103       ;
; Total fan-out                               ; 2261      ;
; Average fan-out                             ; 2.35      ;
+---------------------------------------------+-----------+


+----------------------------------------------------------------------------------------------------------------------------------------------------------------------------------------------------------------------------------------------------+
; Analysis & Synthesis Resource Utilization by Entity                                                                                                                                                                                                ;
+----------------------------------+---------------------+---------------------------+-------------+--------------+---------+-----------+------+--------------+--------------------------------------------------+--------------------+--------------+
; Compilation Hierarchy Node       ; Combinational ALUTs ; Dedicated Logic Registers ; Memory Bits ; DSP Elements ; DSP 9x9 ; DSP 18x18 ; Pins ; Virtual Pins ; Full Hierarchy Name                              ; Entity Name        ; Library Name ;
+----------------------------------+---------------------+---------------------------+-------------+--------------+---------+-----------+------+--------------+--------------------------------------------------+--------------------+--------------+
; |round2                          ; 647 (12)            ; 154 (1)                   ; 0           ; 0            ; 0       ; 0         ; 81   ; 0            ; |round2                                          ; round2             ; work         ;
;    |compare:inst5|               ; 6 (6)               ; 0 (0)                     ; 0           ; 0            ; 0       ; 0         ; 0    ; 0            ; |round2|compare:inst5                            ; compare            ; work         ;
;    |counter:inst14|              ; 2 (2)               ; 3 (3)                     ; 0           ; 0            ; 0       ; 0         ; 0    ; 0            ; |round2|counter:inst14                           ; counter            ; work         ;
;    |counter:inst6|               ; 3 (3)               ; 3 (3)                     ; 0           ; 0            ; 0       ; 0         ; 0    ; 0            ; |round2|counter:inst6                            ; counter            ; work         ;
;    |debounce:inst22|             ; 21 (0)              ; 16 (1)                    ; 0           ; 0            ; 0       ; 0         ; 0    ; 0            ; |round2|debounce:inst22                          ; debounce           ; work         ;
;       |clock_divider_1024:inst1| ; 7 (7)               ; 5 (5)                     ; 0           ; 0            ; 0       ; 0         ; 0    ; 0            ; |round2|debounce:inst22|clock_divider_1024:inst1 ; clock_divider_1024 ; work         ;
;       |clock_divider_1024:inst4| ; 7 (7)               ; 5 (5)                     ; 0           ; 0            ; 0       ; 0         ; 0    ; 0            ; |round2|debounce:inst22|clock_divider_1024:inst4 ; clock_divider_1024 ; work         ;
;       |clock_divider_1024:inst|  ; 7 (7)               ; 5 (5)                     ; 0           ; 0            ; 0       ; 0         ; 0    ; 0            ; |round2|debounce:inst22|clock_divider_1024:inst  ; clock_divider_1024 ; work         ;
;    |debounce:inst23|             ; 21 (0)              ; 16 (1)                    ; 0           ; 0            ; 0       ; 0         ; 0    ; 0            ; |round2|debounce:inst23                          ; debounce           ; work         ;
;       |clock_divider_1024:inst1| ; 7 (7)               ; 5 (5)                     ; 0           ; 0            ; 0       ; 0         ; 0    ; 0            ; |round2|debounce:inst23|clock_divider_1024:inst1 ; clock_divider_1024 ; work         ;
;       |clock_divider_1024:inst4| ; 7 (7)               ; 5 (5)                     ; 0           ; 0            ; 0       ; 0         ; 0    ; 0            ; |round2|debounce:inst23|clock_divider_1024:inst4 ; clock_divider_1024 ; work         ;
;       |clock_divider_1024:inst|  ; 7 (7)               ; 5 (5)                     ; 0           ; 0            ; 0       ; 0         ; 0    ; 0            ; |round2|debounce:inst23|clock_divider_1024:inst  ; clock_divider_1024 ; work         ;
;    |debounce:inst24|             ; 21 (0)              ; 16 (1)                    ; 0           ; 0            ; 0       ; 0         ; 0    ; 0            ; |round2|debounce:inst24                          ; debounce           ; work         ;
;       |clock_divider_1024:inst1| ; 7 (7)               ; 5 (5)                     ; 0           ; 0            ; 0       ; 0         ; 0    ; 0            ; |round2|debounce:inst24|clock_divider_1024:inst1 ; clock_divider_1024 ; work         ;
;       |clock_divider_1024:inst4| ; 7 (7)               ; 5 (5)                     ; 0           ; 0            ; 0       ; 0         ; 0    ; 0            ; |round2|debounce:inst24|clock_divider_1024:inst4 ; clock_divider_1024 ; work         ;
;       |clock_divider_1024:inst|  ; 7 (7)               ; 5 (5)                     ; 0           ; 0            ; 0       ; 0         ; 0    ; 0            ; |round2|debounce:inst24|clock_divider_1024:inst  ; clock_divider_1024 ; work         ;
;    |debounce:inst25|             ; 21 (0)              ; 16 (1)                    ; 0           ; 0            ; 0       ; 0         ; 0    ; 0            ; |round2|debounce:inst25                          ; debounce           ; work         ;
;       |clock_divider_1024:inst1| ; 7 (7)               ; 5 (5)                     ; 0           ; 0            ; 0       ; 0         ; 0    ; 0            ; |round2|debounce:inst25|clock_divider_1024:inst1 ; clock_divider_1024 ; work         ;
;       |clock_divider_1024:inst4| ; 7 (7)               ; 5 (5)                     ; 0           ; 0            ; 0       ; 0         ; 0    ; 0            ; |round2|debounce:inst25|clock_divider_1024:inst4 ; clock_divider_1024 ; work         ;
;       |clock_divider_1024:inst|  ; 7 (7)               ; 5 (5)                     ; 0           ; 0            ; 0       ; 0         ; 0    ; 0            ; |round2|debounce:inst25|clock_divider_1024:inst  ; clock_divider_1024 ; work         ;
;    |hide:inst21|                 ; 3 (3)               ; 0 (0)                     ; 0           ; 0            ; 0       ; 0         ; 0    ; 0            ; |round2|hide:inst21                              ; hide               ; work         ;
;    |mod_7seg:inst17|             ; 5 (5)               ; 0 (0)                     ; 0           ; 0            ; 0       ; 0         ; 0    ; 0            ; |round2|mod_7seg:inst17                          ; mod_7seg           ; work         ;
;    |mod_7seg:inst18|             ; 5 (5)               ; 0 (0)                     ; 0           ; 0            ; 0       ; 0         ; 0    ; 0            ; |round2|mod_7seg:inst18                          ; mod_7seg           ; work         ;
;    |mod_7seg:inst19|             ; 5 (5)               ; 0 (0)                     ; 0           ; 0            ; 0       ; 0         ; 0    ; 0            ; |round2|mod_7seg:inst19                          ; mod_7seg           ; work         ;
;    |mod_7seg:inst20|             ; 5 (5)               ; 0 (0)                     ; 0           ; 0            ; 0       ; 0         ; 0    ; 0            ; |round2|mod_7seg:inst20                          ; mod_7seg           ; work         ;
;    |mod_7seg:inst26|             ; 4 (4)               ; 0 (0)                     ; 0           ; 0            ; 0       ; 0         ; 0    ; 0            ; |round2|mod_7seg:inst26                          ; mod_7seg           ; work         ;
;    |mod_7seg:inst28|             ; 4 (4)               ; 0 (0)                     ; 0           ; 0            ; 0       ; 0         ; 0    ; 0            ; |round2|mod_7seg:inst28                          ; mod_7seg           ; work         ;
;    |mod_7seg:inst29|             ; 4 (4)               ; 0 (0)                     ; 0           ; 0            ; 0       ; 0         ; 0    ; 0            ; |round2|mod_7seg:inst29                          ; mod_7seg           ; work         ;
;    |mod_7seg:inst30|             ; 4 (4)               ; 0 (0)                     ; 0           ; 0            ; 0       ; 0         ; 0    ; 0            ; |round2|mod_7seg:inst30                          ; mod_7seg           ; work         ;
;    |store:inst56|                ; 500 (500)           ; 83 (83)                   ; 0           ; 0            ; 0       ; 0         ; 0    ; 0            ; |round2|store:inst56                             ; store              ; work         ;
;    |xor4:inst8|                  ; 1 (1)               ; 0 (0)                     ; 0           ; 0            ; 0       ; 0         ; 0    ; 0            ; |round2|xor4:inst8                               ; xor4               ; work         ;
+----------------------------------+---------------------+---------------------------+-------------+--------------+---------+-----------+------+--------------+--------------------------------------------------+--------------------+--------------+
Note: For table entries with two numbers listed, the numbers in parentheses indicate the number of resources of the given type used by the specific entity alone. The numbers listed outside of parentheses indicate the total resources of the given type used by the specific entity and all of its sub-entities in the hierarchy.


+--------------------------------------------------------------------------------+
; Registers Removed During Synthesis                                             ;
+---------------------------------------+----------------------------------------+
; Register name                         ; Reason for Removal                     ;
+---------------------------------------+----------------------------------------+
; store:inst56|hit                      ; Stuck at GND due to stuck port data_in ;
; Total Number of Removed Registers = 1 ;                                        ;
+---------------------------------------+----------------------------------------+


+------------------------------------------------------+
; General Register Statistics                          ;
+----------------------------------------------+-------+
; Statistic                                    ; Value ;
+----------------------------------------------+-------+
; Total registers                              ; 154   ;
; Number of registers using Synchronous Clear  ; 0     ;
; Number of registers using Synchronous Load   ; 0     ;
; Number of registers using Asynchronous Clear ; 6     ;
; Number of registers using Asynchronous Load  ; 0     ;
; Number of registers using Clock Enable       ; 16    ;
; Number of registers using Preset             ; 0     ;
+----------------------------------------------+-------+


+---------------------------------------------------------------------------------------------------------------------------------------------+
; Multiplexer Restructuring Statistics (Restructuring Performed)                                                                              ;
+--------------------+-----------+---------------+----------------------+------------------------+------------+-------------------------------+
; Multiplexer Inputs ; Bus Width ; Baseline Area ; Area if Restructured ; Saving if Restructured ; Registered ; Example Multiplexer Output    ;
+--------------------+-----------+---------------+----------------------+------------------------+------------+-------------------------------+
; 7:1                ; 2 bits    ; 8 LEs         ; 6 LEs                ; 2 LEs                  ; Yes        ; |round2|store:inst56|guess[0] ;
; 7:1                ; 2 bits    ; 8 LEs         ; 6 LEs                ; 2 LEs                  ; Yes        ; |round2|store:inst56|guess[2] ;
; 7:1                ; 2 bits    ; 8 LEs         ; 6 LEs                ; 2 LEs                  ; Yes        ; |round2|store:inst56|guess[4] ;
; 7:1                ; 2 bits    ; 8 LEs         ; 6 LEs                ; 2 LEs                  ; Yes        ; |round2|store:inst56|guess[6] ;
; 7:1                ; 2 bits    ; 8 LEs         ; 6 LEs                ; 2 LEs                  ; Yes        ; |round2|store:inst56|key[6]   ;
; 7:1                ; 2 bits    ; 8 LEs         ; 6 LEs                ; 2 LEs                  ; Yes        ; |round2|store:inst56|key[5]   ;
; 7:1                ; 2 bits    ; 8 LEs         ; 6 LEs                ; 2 LEs                  ; Yes        ; |round2|store:inst56|key[3]   ;
; 7:1                ; 2 bits    ; 8 LEs         ; 6 LEs                ; 2 LEs                  ; Yes        ; |round2|store:inst56|key[1]   ;
; 3:1                ; 32 bits   ; 64 LEs        ; 64 LEs               ; 0 LEs                  ; No         ; |round2|store:inst56|R        ;
; 5:1                ; 32 bits   ; 96 LEs        ; 64 LEs               ; 32 LEs                 ; No         ; |round2|store:inst56|i        ;
+--------------------+-----------+---------------+----------------------+------------------------+------------+-------------------------------+


+-----------------------------------------------------+
; Post-Synthesis Netlist Statistics for Top Partition ;
+-----------------------+-----------------------------+
; Type                  ; Count                       ;
+-----------------------+-----------------------------+
; boundary_port         ; 81                          ;
; cycloneiii_ff         ; 154                         ;
;     CLR               ; 6                           ;
;     ENA               ; 16                          ;
;     plain             ; 132                         ;
; cycloneiii_lcell_comb ; 668                         ;
;     arith             ; 248                         ;
;         2 data inputs ; 240                         ;
;         3 data inputs ; 8                           ;
;     normal            ; 420                         ;
;         0 data inputs ; 1                           ;
;         1 data inputs ; 43                          ;
;         2 data inputs ; 79                          ;
;         3 data inputs ; 91                          ;
;         4 data inputs ; 206                         ;
;                       ;                             ;
; Max LUT depth         ; 13.30                       ;
; Average LUT depth     ; 9.17                        ;
+-----------------------+-----------------------------+


+-------------------------------+
; Elapsed Time Per Partition    ;
+----------------+--------------+
; Partition Name ; Elapsed Time ;
+----------------+--------------+
; Top            ; 00:00:01     ;
+----------------+--------------+


+-------------------------------+
; Analysis & Synthesis Messages ;
+-------------------------------+
Info: *******************************************************************
Info: Running Quartus Prime Analysis & Synthesis
    Info: Version 16.1.0 Build 196 10/24/2016 SJ Standard Edition
    Info: Processing started: Thu Dec 07 11:24:22 2017
Info: Command: quartus_map --read_settings_files=on --write_settings_files=off round2 -c round2
Warning (18236): Number of processors has not been specified which may cause overloading on shared machines.  Set the global assignment NUM_PARALLEL_PROCESSORS in your QSF to an appropriate value for best performance.
Info (20030): Parallel compilation is enabled and will use 4 of the 4 processors detected
Info (12021): Found 1 design units, including 1 entities, in source file round2.bdf
    Info (12023): Found entity 1: round2
Info (12021): Found 1 design units, including 1 entities, in source file store.v
    Info (12023): Found entity 1: store File: U:/CPR_E281/FProj/try3/store.v Line: 1
Info (12021): Found 1 design units, including 1 entities, in source file compare.v
    Info (12023): Found entity 1: compare File: U:/CPR_E281/FProj/try3/compare.v Line: 1
Info (12021): Found 1 design units, including 1 entities, in source file decode_4_7s.v
    Info (12023): Found entity 1: decode_4_7s File: U:/CPR_E281/FProj/try3/decode_4_7s.v Line: 1
Info (12021): Found 1 design units, including 1 entities, in source file hide.v
    Info (12023): Found entity 1: hide File: U:/CPR_E281/FProj/try3/hide.v Line: 1
Warning (12019): Can't analyze file -- file output_files/delay.v is missing
Info (12021): Found 1 design units, including 1 entities, in source file output_files/reg_mk2.bdf
    Info (12023): Found entity 1: reg_mk2
Info (12127): Elaborating entity "round2" for the top level hierarchy
Info (12128): Elaborating entity "XOR4" for hierarchy "XOR4:inst8"
Info (12130): Elaborated megafunction instantiation "XOR4:inst8"
Warning (12125): Using design file debounce.bdf, which is not specified as a design file for the current project, but contains definitions for 1 design units and 1 entities in project
    Info (12023): Found entity 1: debounce
Info (12128): Elaborating entity "debounce" for hierarchy "debounce:inst24"
Warning (12125): Using design file clock_divider_1024.bdf, which is not specified as a design file for the current project, but contains definitions for 1 design units and 1 entities in project
    Info (12023): Found entity 1: clock_divider_1024
Info (12128): Elaborating entity "clock_divider_1024" for hierarchy "debounce:inst24|clock_divider_1024:inst4"
Warning (12125): Using design file counter.bdf, which is not specified as a design file for the current project, but contains definitions for 1 design units and 1 entities in project
    Info (12023): Found entity 1: counter
Info (12128): Elaborating entity "counter" for hierarchy "counter:inst6"
Info (12128): Elaborating entity "store" for hierarchy "store:inst56"
Warning (10762): Verilog HDL Case Statement warning at store.v(19): can't check case statement for completeness because the case expression has too many possible states File: U:/CPR_E281/FProj/try3/store.v Line: 19
Warning (10762): Verilog HDL Case Statement warning at store.v(29): can't check case statement for completeness because the case expression has too many possible states File: U:/CPR_E281/FProj/try3/store.v Line: 29
Warning (10762): Verilog HDL Case Statement warning at store.v(39): can't check case statement for completeness because the case expression has too many possible states File: U:/CPR_E281/FProj/try3/store.v Line: 39
Warning (10762): Verilog HDL Case Statement warning at store.v(49): can't check case statement for completeness because the case expression has too many possible states File: U:/CPR_E281/FProj/try3/store.v Line: 49
Warning (10762): Verilog HDL Case Statement warning at store.v(92): can't check case statement for completeness because the case expression has too many possible states File: U:/CPR_E281/FProj/try3/store.v Line: 92
Warning (10762): Verilog HDL Case Statement warning at store.v(102): can't check case statement for completeness because the case expression has too many possible states File: U:/CPR_E281/FProj/try3/store.v Line: 102
Warning (10762): Verilog HDL Case Statement warning at store.v(112): can't check case statement for completeness because the case expression has too many possible states File: U:/CPR_E281/FProj/try3/store.v Line: 112
Warning (10762): Verilog HDL Case Statement warning at store.v(122): can't check case statement for completeness because the case expression has too many possible states File: U:/CPR_E281/FProj/try3/store.v Line: 122
Warning (10034): Output port "test" at store.v(2) has no driver File: U:/CPR_E281/FProj/try3/store.v Line: 2
Info (12128): Elaborating entity "compare" for hierarchy "compare:inst5"
Warning (10235): Verilog HDL Always Construct warning at compare.v(6): variable "key" is read inside the Always Construct but isn't in the Always Construct's Event Control File: U:/CPR_E281/FProj/try3/compare.v Line: 6
Warning (10235): Verilog HDL Always Construct warning at compare.v(6): variable "guess" is read inside the Always Construct but isn't in the Always Construct's Event Control File: U:/CPR_E281/FProj/try3/compare.v Line: 6
Warning (12125): Using design file mod_7seg.v, which is not specified as a design file for the current project, but contains definitions for 1 design units and 1 entities in project
    Info (12023): Found entity 1: mod_7seg File: U:/CPR_E281/FProj/try3/mod_7seg.v Line: 1
Info (12128): Elaborating entity "mod_7seg" for hierarchy "mod_7seg:inst17"
Warning (10270): Verilog HDL Case Statement warning at mod_7seg.v(31): incomplete case statement has no default case item File: U:/CPR_E281/FProj/try3/mod_7seg.v Line: 31
Warning (10230): Verilog HDL assignment warning at mod_7seg.v(35): truncated value with size 8 to match size of target (7) File: U:/CPR_E281/FProj/try3/mod_7seg.v Line: 35
Info (12128): Elaborating entity "hide" for hierarchy "hide:inst21"
Warning (13024): Output pins are stuck at VCC or GND
    Warning (13410): Pin "D1-1" is stuck at GND
    Warning (13410): Pin "D2-1" is stuck at GND
    Warning (13410): Pin "D3-1" is stuck at GND
    Warning (13410): Pin "D4-1" is stuck at GND
Info (286030): Timing-Driven Synthesis is running
Info (144001): Generated suppressed messages file U:/CPR_E281/FProj/try3/output_files/round2.map.smsg
Info (16010): Generating hard_block partition "hard_block:auto_generated_inst"
    Info (16011): Adding 0 node(s), including 0 DDIO, 0 PLL, 0 transceiver and 0 LCELL
Info (21057): Implemented 796 device resources after synthesis - the final resource count might be different
    Info (21058): Implemented 8 input pins
    Info (21059): Implemented 73 output pins
    Info (21061): Implemented 715 logic cells
Info: Quartus Prime Analysis & Synthesis was successful. 0 errors, 24 warnings
    Info: Peak virtual memory: 682 megabytes
    Info: Processing ended: Thu Dec 07 11:24:35 2017
    Info: Elapsed time: 00:00:13
    Info: Total CPU time (on all processors): 00:00:20


+------------------------------------------+
; Analysis & Synthesis Suppressed Messages ;
+------------------------------------------+
The suppressed messages can be found in U:/CPR_E281/FProj/try3/output_files/round2.map.smsg.


