Analysis & Synthesis report for EDC
Mon Dec 04 20:16:21 2017
Quartus Prime Version 16.1.0 Build 196 10/24/2016 SJ Standard Edition


---------------------
; Table of Contents ;
---------------------
  1. Legal Notice
  2. Analysis & Synthesis Summary
  3. Analysis & Synthesis Settings
  4. Parallel Compilation
  5. Analysis & Synthesis Source Files Read
  6. Analysis & Synthesis Resource Usage Summary
  7. Analysis & Synthesis Resource Utilization by Entity
  8. Registers Removed During Synthesis
  9. Removed Registers Triggering Further Register Optimizations
 10. General Register Statistics
 11. Post-Synthesis Netlist Statistics for Top Partition
 12. Elapsed Time Per Partition
 13. Analysis & Synthesis Messages



----------------
; Legal Notice ;
----------------
Copyright (C) 2016  Intel Corporation. All rights reserved.
Your use of Intel Corporation's design tools, logic functions 
and other software and tools, and its AMPP partner logic 
functions, and any output files from any of the foregoing 
(including device programming or simulation files), and any 
associated documentation or information are expressly subject 
to the terms and conditions of the Intel Program License 
Subscription Agreement, the Intel Quartus Prime License Agreement,
the Intel MegaCore Function License Agreement, or other 
applicable license agreement, including, without limitation, 
that your use is for the sole purpose of programming logic 
devices manufactured by Intel and sold by Intel or its 
authorized distributors.  Please refer to the applicable 
agreement for further details.



+--------------------------------------------------------------------------------------+
; Analysis & Synthesis Summary                                                         ;
+------------------------------------+-------------------------------------------------+
; Analysis & Synthesis Status        ; Successful - Mon Dec 04 20:16:21 2017           ;
; Quartus Prime Version              ; 16.1.0 Build 196 10/24/2016 SJ Standard Edition ;
; Revision Name                      ; EDC                                             ;
; Top-level Entity Name              ; EDC                                             ;
; Family                             ; Cyclone IV E                                    ;
; Total logic elements               ; 0                                               ;
;     Total combinational functions  ; 0                                               ;
;     Dedicated logic registers      ; 0                                               ;
; Total registers                    ; 0                                               ;
; Total pins                         ; 18                                              ;
; Total virtual pins                 ; 0                                               ;
; Total memory bits                  ; 0                                               ;
; Embedded Multiplier 9-bit elements ; 0                                               ;
; Total PLLs                         ; 0                                               ;
+------------------------------------+-------------------------------------------------+


+----------------------------------------------------------------------------------------------------------------------+
; Analysis & Synthesis Settings                                                                                        ;
+----------------------------------------------------------------------------+--------------------+--------------------+
; Option                                                                     ; Setting            ; Default Value      ;
+----------------------------------------------------------------------------+--------------------+--------------------+
; Device                                                                     ; EP4CE115F29C7      ;                    ;
; Top-level entity name                                                      ; EDC                ; EDC                ;
; Family name                                                                ; Cyclone IV E       ; Cyclone V          ;
; Use smart compilation                                                      ; Off                ; Off                ;
; Enable parallel Assembler and TimeQuest Timing Analyzer during compilation ; On                 ; On                 ;
; Enable compact report table                                                ; Off                ; Off                ;
; Restructure Multiplexers                                                   ; Auto               ; Auto               ;
; Create Debugging Nodes for IP Cores                                        ; Off                ; Off                ;
; Preserve fewer node names                                                  ; On                 ; On                 ;
; OpenCore Plus hardware evaluation                                          ; Enable             ; Enable             ;
; Verilog Version                                                            ; Verilog_2001       ; Verilog_2001       ;
; VHDL Version                                                               ; VHDL_1993          ; VHDL_1993          ;
; State Machine Processing                                                   ; Auto               ; Auto               ;
; Safe State Machine                                                         ; Off                ; Off                ;
; Extract Verilog State Machines                                             ; On                 ; On                 ;
; Extract VHDL State Machines                                                ; On                 ; On                 ;
; Ignore Verilog initial constructs                                          ; Off                ; Off                ;
; Iteration limit for constant Verilog loops                                 ; 5000               ; 5000               ;
; Iteration limit for non-constant Verilog loops                             ; 250                ; 250                ;
; Add Pass-Through Logic to Inferred RAMs                                    ; On                 ; On                 ;
; Infer RAMs from Raw Logic                                                  ; On                 ; On                 ;
; Parallel Synthesis                                                         ; On                 ; On                 ;
; DSP Block Balancing                                                        ; Auto               ; Auto               ;
; NOT Gate Push-Back                                                         ; On                 ; On                 ;
; Power-Up Don't Care                                                        ; On                 ; On                 ;
; Remove Redundant Logic Cells                                               ; Off                ; Off                ;
; Remove Duplicate Registers                                                 ; On                 ; On                 ;
; Ignore CARRY Buffers                                                       ; Off                ; Off                ;
; Ignore CASCADE Buffers                                                     ; Off                ; Off                ;
; Ignore GLOBAL Buffers                                                      ; Off                ; Off                ;
; Ignore ROW GLOBAL Buffers                                                  ; Off                ; Off                ;
; Ignore LCELL Buffers                                                       ; Off                ; Off                ;
; Ignore SOFT Buffers                                                        ; On                 ; On                 ;
; Limit AHDL Integers to 32 Bits                                             ; Off                ; Off                ;
; Optimization Technique                                                     ; Balanced           ; Balanced           ;
; Carry Chain Length                                                         ; 70                 ; 70                 ;
; Auto Carry Chains                                                          ; On                 ; On                 ;
; Auto Open-Drain Pins                                                       ; On                 ; On                 ;
; Perform WYSIWYG Primitive Resynthesis                                      ; Off                ; Off                ;
; Auto ROM Replacement                                                       ; On                 ; On                 ;
; Auto RAM Replacement                                                       ; On                 ; On                 ;
; Auto DSP Block Replacement                                                 ; On                 ; On                 ;
; Auto Shift Register Replacement                                            ; Auto               ; Auto               ;
; Allow Shift Register Merging across Hierarchies                            ; Auto               ; Auto               ;
; Auto Clock Enable Replacement                                              ; On                 ; On                 ;
; Strict RAM Replacement                                                     ; Off                ; Off                ;
; Allow Synchronous Control Signals                                          ; On                 ; On                 ;
; Force Use of Synchronous Clear Signals                                     ; Off                ; Off                ;
; Auto RAM Block Balancing                                                   ; On                 ; On                 ;
; Auto RAM to Logic Cell Conversion                                          ; Off                ; Off                ;
; Auto Resource Sharing                                                      ; Off                ; Off                ;
; Allow Any RAM Size For Recognition                                         ; Off                ; Off                ;
; Allow Any ROM Size For Recognition                                         ; Off                ; Off                ;
; Allow Any Shift Register Size For Recognition                              ; Off                ; Off                ;
; Use LogicLock Constraints during Resource Balancing                        ; On                 ; On                 ;
; Ignore translate_off and synthesis_off directives                          ; Off                ; Off                ;
; Timing-Driven Synthesis                                                    ; On                 ; On                 ;
; Report Parameter Settings                                                  ; On                 ; On                 ;
; Report Source Assignments                                                  ; On                 ; On                 ;
; Report Connectivity Checks                                                 ; On                 ; On                 ;
; Ignore Maximum Fan-Out Assignments                                         ; Off                ; Off                ;
; Synchronization Register Chain Length                                      ; 2                  ; 2                  ;
; PowerPlay Power Optimization During Synthesis                              ; Normal compilation ; Normal compilation ;
; HDL message level                                                          ; Level2             ; Level2             ;
; Suppress Register Optimization Related Messages                            ; Off                ; Off                ;
; Number of Removed Registers Reported in Synthesis Report                   ; 5000               ; 5000               ;
; Number of Swept Nodes Reported in Synthesis Report                         ; 5000               ; 5000               ;
; Number of Inverted Registers Reported in Synthesis Report                  ; 100                ; 100                ;
; Clock MUX Protection                                                       ; On                 ; On                 ;
; Auto Gated Clock Conversion                                                ; Off                ; Off                ;
; Block Design Naming                                                        ; Auto               ; Auto               ;
; SDC constraint protection                                                  ; Off                ; Off                ;
; Synthesis Effort                                                           ; Auto               ; Auto               ;
; Shift Register Replacement - Allow Asynchronous Clear Signal               ; On                 ; On                 ;
; Pre-Mapping Resynthesis Optimization                                       ; Off                ; Off                ;
; Analysis & Synthesis Message Level                                         ; Medium             ; Medium             ;
; Disable Register Merging Across Hierarchies                                ; Auto               ; Auto               ;
; Resource Aware Inference For Block RAM                                     ; On                 ; On                 ;
+----------------------------------------------------------------------------+--------------------+--------------------+


+------------------------------------------+
; Parallel Compilation                     ;
+----------------------------+-------------+
; Processors                 ; Number      ;
+----------------------------+-------------+
; Number detected on machine ; 8           ;
; Maximum allowed            ; 4           ;
;                            ;             ;
; Average used               ; 1.00        ;
; Maximum used               ; 1           ;
;                            ;             ;
; Usage by Processor         ; % Time Used ;
;     Processor 1            ; 100.0%      ;
+----------------------------+-------------+


+------------------------------------------------------------------------------------------------------------------------------------------------------+
; Analysis & Synthesis Source Files Read                                                                                                               ;
+----------------------------------+-----------------+------------------------------------------+--------------------------------------------+---------+
; File Name with User-Entered Path ; Used in Netlist ; File Type                                ; File Name with Absolute Path               ; Library ;
+----------------------------------+-----------------+------------------------------------------+--------------------------------------------+---------+
; EDC.bdf                          ; yes             ; User Block Diagram/Schematic File        ; U:/CPR_E281/FProj/A/EDC.bdf                ;         ;
; 8b_reg.bdf                       ; yes             ; Auto-Found Block Diagram/Schematic File  ; U:/CPR_E281/FProj/A/8b_reg.bdf             ;         ;
; mux.bdf                          ; yes             ; Auto-Found Block Diagram/Schematic File  ; U:/CPR_E281/FProj/A/mux.bdf                ;         ;
; de_mux.bdf                       ; yes             ; Auto-Found Block Diagram/Schematic File  ; U:/CPR_E281/FProj/A/de_mux.bdf             ;         ;
; counter.bdf                      ; yes             ; Auto-Found Block Diagram/Schematic File  ; U:/CPR_E281/FProj/A/counter.bdf            ;         ;
; clock_divider_1024.bdf           ; yes             ; Auto-Found Block Diagram/Schematic File  ; U:/CPR_E281/FProj/A/clock_divider_1024.bdf ;         ;
+----------------------------------+-----------------+------------------------------------------+--------------------------------------------+---------+


+------------------------------------------------------------+
; Analysis & Synthesis Resource Usage Summary                ;
+---------------------------------------------+--------------+
; Resource                                    ; Usage        ;
+---------------------------------------------+--------------+
;                                             ;              ;
; Total combinational functions               ; 0            ;
; Logic element usage by number of LUT inputs ;              ;
;     -- 4 input functions                    ; 0            ;
;     -- 3 input functions                    ; 0            ;
;     -- <=2 input functions                  ; 0            ;
;                                             ;              ;
; Logic elements by mode                      ;              ;
;     -- normal mode                          ; 0            ;
;     -- arithmetic mode                      ; 0            ;
;                                             ;              ;
; Total registers                             ; 0            ;
;     -- Dedicated logic registers            ; 0            ;
;     -- I/O registers                        ; 0            ;
;                                             ;              ;
; I/O pins                                    ; 18           ;
;                                             ;              ;
; Embedded Multiplier 9-bit elements          ; 0            ;
;                                             ;              ;
; Maximum fan-out node                        ; OUT_0~output ;
; Maximum fan-out                             ; 1            ;
; Total fan-out                               ; 18           ;
; Average fan-out                             ; 0.50         ;
+---------------------------------------------+--------------+


+----------------------------------------------------------------------------------------------------------------------------------------------------------------------------------------------------------+
; Analysis & Synthesis Resource Utilization by Entity                                                                                                                                                      ;
+----------------------------+---------------------+---------------------------+-------------+--------------+---------+-----------+------+--------------+---------------------+-------------+--------------+
; Compilation Hierarchy Node ; Combinational ALUTs ; Dedicated Logic Registers ; Memory Bits ; DSP Elements ; DSP 9x9 ; DSP 18x18 ; Pins ; Virtual Pins ; Full Hierarchy Name ; Entity Name ; Library Name ;
+----------------------------+---------------------+---------------------------+-------------+--------------+---------+-----------+------+--------------+---------------------+-------------+--------------+
; |EDC                       ; 0 (0)               ; 0 (0)                     ; 0           ; 0            ; 0       ; 0         ; 18   ; 0            ; |EDC                ; EDC         ; work         ;
+----------------------------+---------------------+---------------------------+-------------+--------------+---------+-----------+------+--------------+---------------------+-------------+--------------+
Note: For table entries with two numbers listed, the numbers in parentheses indicate the number of resources of the given type used by the specific entity alone. The numbers listed outside of parentheses indicate the total resources of the given type used by the specific entity and all of its sub-entities in the hierarchy.


+--------------------------------------------------------------------------------------+
; Registers Removed During Synthesis                                                   ;
+----------------------------------------+---------------------------------------------+
; Register name                          ; Reason for Removal                          ;
+----------------------------------------+---------------------------------------------+
; 8b_reg:inst|inst5                      ; Stuck at GND due to stuck port data_in      ;
; 8b_reg:inst|inst                       ; Stuck at GND due to stuck port data_in      ;
; 8b_reg:inst|inst1                      ; Stuck at GND due to stuck port data_in      ;
; 8b_reg:inst|inst7                      ; Stuck at GND due to stuck port data_in      ;
; 8b_reg:inst|inst3                      ; Stuck at GND due to stuck port data_in      ;
; 8b_reg:inst|inst2                      ; Stuck at GND due to stuck port data_in      ;
; 8b_reg:inst|inst4                      ; Stuck at GND due to stuck port data_in      ;
; 8b_reg:inst|inst6                      ; Stuck at GND due to stuck port data_in      ;
; clock_divider_1024:inst10|inst10       ; Stuck at GND due to stuck port clock        ;
; clock_divider_1024:inst10|inst1        ; Stuck at GND due to stuck port clock        ;
; clock_divider_1024:inst10|inst2        ; Stuck at GND due to stuck port clock_enable ;
; clock_divider_1024:inst10|inst3        ; Stuck at GND due to stuck port clock        ;
; clock_divider_1024:inst10|inst4        ; Stuck at GND due to stuck port clock        ;
; clock_divider_1024:inst10|inst5        ; Stuck at GND due to stuck port clock        ;
; clock_divider_1024:inst10|inst6        ; Stuck at GND due to stuck port clock        ;
; clock_divider_1024:inst10|inst7        ; Stuck at GND due to stuck port clock        ;
; clock_divider_1024:inst10|inst8        ; Stuck at GND due to stuck port clock        ;
; clock_divider_1024:inst10|inst9        ; Stuck at GND due to stuck port clock        ;
; counter:555555555555555555555|inst1    ; Stuck at GND due to stuck port clock_enable ;
; counter:555555555555555555555|inst     ; Stuck at GND due to stuck port clock_enable ;
; counter:555555555555555555555|inst2    ; Stuck at GND due to stuck port clock_enable ;
; Total Number of Removed Registers = 21 ;                                             ;
+----------------------------------------+---------------------------------------------+


+-------------------------------------------------------------------------------------------------------------------------------------------+
; Removed Registers Triggering Further Register Optimizations                                                                               ;
+----------------------------------+---------------------------+----------------------------------------------------------------------------+
; Register name                    ; Reason for Removal        ; Registers Removed due to This Register                                     ;
+----------------------------------+---------------------------+----------------------------------------------------------------------------+
; 8b_reg:inst|inst5                ; Stuck at GND              ; 8b_reg:inst|inst, 8b_reg:inst|inst1, 8b_reg:inst|inst7, 8b_reg:inst|inst3, ;
;                                  ; due to stuck port data_in ; 8b_reg:inst|inst2, 8b_reg:inst|inst4, 8b_reg:inst|inst6,                   ;
;                                  ;                           ; clock_divider_1024:inst10|inst1, clock_divider_1024:inst10|inst9           ;
; clock_divider_1024:inst10|inst10 ; Stuck at GND              ; counter:555555555555555555555|inst1, counter:555555555555555555555|inst,   ;
;                                  ; due to stuck port clock   ; counter:555555555555555555555|inst2                                        ;
+----------------------------------+---------------------------+----------------------------------------------------------------------------+


+------------------------------------------------------+
; General Register Statistics                          ;
+----------------------------------------------+-------+
; Statistic                                    ; Value ;
+----------------------------------------------+-------+
; Total registers                              ; 0     ;
; Number of registers using Synchronous Clear  ; 0     ;
; Number of registers using Synchronous Load   ; 0     ;
; Number of registers using Asynchronous Clear ; 0     ;
; Number of registers using Asynchronous Load  ; 0     ;
; Number of registers using Clock Enable       ; 0     ;
; Number of registers using Preset             ; 0     ;
+----------------------------------------------+-------+


+-----------------------------------------------------+
; Post-Synthesis Netlist Statistics for Top Partition ;
+-----------------------+-----------------------------+
; Type                  ; Count                       ;
+-----------------------+-----------------------------+
; boundary_port         ; 18                          ;
; cycloneiii_lcell_comb ; 1                           ;
;     normal            ; 1                           ;
;         0 data inputs ; 1                           ;
;                       ;                             ;
; Max LUT depth         ; 0.00                        ;
; Average LUT depth     ; 0.00                        ;
+-----------------------+-----------------------------+


+-------------------------------+
; Elapsed Time Per Partition    ;
+----------------+--------------+
; Partition Name ; Elapsed Time ;
+----------------+--------------+
; Top            ; 00:00:00     ;
+----------------+--------------+


+-------------------------------+
; Analysis & Synthesis Messages ;
+-------------------------------+
Info: *******************************************************************
Info: Running Quartus Prime Analysis & Synthesis
    Info: Version 16.1.0 Build 196 10/24/2016 SJ Standard Edition
    Info: Processing started: Mon Dec 04 20:16:09 2017
Info: Command: quartus_map --read_settings_files=on --write_settings_files=off EDC -c EDC
Warning (18236): Number of processors has not been specified which may cause overloading on shared machines.  Set the global assignment NUM_PARALLEL_PROCESSORS in your QSF to an appropriate value for best performance.
Info (20030): Parallel compilation is enabled and will use 4 of the 4 processors detected
Info (12021): Found 1 design units, including 1 entities, in source file edc.bdf
    Info (12023): Found entity 1: EDC
Info (12127): Elaborating entity "EDC" for the top level hierarchy
Warning (275011): Block or symbol "de_mux" of instance "inst2" overlaps another block or symbol
Warning (275011): Block or symbol "clock_divider_1024" of instance "inst10" overlaps another block or symbol
Warning (12125): Using design file 8b_reg.bdf, which is not specified as a design file for the current project, but contains definitions for 1 design units and 1 entities in project
    Info (12023): Found entity 1: 8b_reg
Info (12128): Elaborating entity "8b_reg" for hierarchy "8b_reg:inst"
Warning (12090): Entity "mux" obtained from "mux.bdf" instead of from Quartus Prime megafunction library
Warning (12125): Using design file mux.bdf, which is not specified as a design file for the current project, but contains definitions for 1 design units and 1 entities in project
    Info (12023): Found entity 1: mux
Info (12128): Elaborating entity "mux" for hierarchy "8b_reg:inst|mux:inst16"
Warning (12125): Using design file de_mux.bdf, which is not specified as a design file for the current project, but contains definitions for 1 design units and 1 entities in project
    Info (12023): Found entity 1: de_mux
Info (12128): Elaborating entity "de_mux" for hierarchy "de_mux:inst2"
Warning (275011): Block or symbol "AND3" of instance "inst" overlaps another block or symbol
Warning (275011): Block or symbol "AND3" of instance "inst2" overlaps another block or symbol
Warning (12125): Using design file counter.bdf, which is not specified as a design file for the current project, but contains definitions for 1 design units and 1 entities in project
    Info (12023): Found entity 1: counter
Info (12128): Elaborating entity "counter" for hierarchy "counter:555555555555555555555"
Warning (12125): Using design file clock_divider_1024.bdf, which is not specified as a design file for the current project, but contains definitions for 1 design units and 1 entities in project
    Info (12023): Found entity 1: clock_divider_1024
Info (12128): Elaborating entity "clock_divider_1024" for hierarchy "clock_divider_1024:inst10"
Warning (13024): Output pins are stuck at VCC or GND
    Warning (13410): Pin "OUT_0" is stuck at GND
    Warning (13410): Pin "OUT_1" is stuck at GND
    Warning (13410): Pin "OUT_2" is stuck at GND
    Warning (13410): Pin "OUT_3" is stuck at GND
    Warning (13410): Pin "OUT_4" is stuck at GND
    Warning (13410): Pin "OUT_5" is stuck at GND
    Warning (13410): Pin "OUT_6" is stuck at GND
    Warning (13410): Pin "OUT_7" is stuck at GND
    Warning (13410): Pin "COUNT_OUT_0" is stuck at GND
    Warning (13410): Pin "COUNT_OUT_1" is stuck at GND
    Warning (13410): Pin "COUNT_OUT_2" is stuck at GND
Info (16010): Generating hard_block partition "hard_block:auto_generated_inst"
    Info (16011): Adding 0 node(s), including 0 DDIO, 0 PLL, 0 transceiver and 0 LCELL
Warning (21074): Design contains 7 input pin(s) that do not drive logic
    Warning (15610): No output dependent on input pin "IN-1"
    Warning (15610): No output dependent on input pin "IN-3"
    Warning (15610): No output dependent on input pin "IN-4"
    Warning (15610): No output dependent on input pin "IN-2"
    Warning (15610): No output dependent on input pin "COUNTER_CLK"
    Warning (15610): No output dependent on input pin "CLRN"
    Warning (15610): No output dependent on input pin "CLK"
Info (21057): Implemented 18 device resources after synthesis - the final resource count might be different
    Info (21058): Implemented 7 input pins
    Info (21059): Implemented 11 output pins
Info: Quartus Prime Analysis & Synthesis was successful. 0 errors, 31 warnings
    Info: Peak virtual memory: 632 megabytes
    Info: Processing ended: Mon Dec 04 20:16:21 2017
    Info: Elapsed time: 00:00:12
    Info: Total CPU time (on all processors): 00:00:19


